2024-05-19 23:18:36,480 [INFO] Activator:176 - 


2024-05-19 23:18:36,492 [INFO] Activator:177 - !SESSION log4j initialized
2024-05-19 23:18:47,036 [INFO] LogOutputStream:77 - [STDOUT_REDIRECT] 
2024-05-19 23:18:49,873 [INFO] ApplicationProperties:184 - Using Application install path: C:\ST\STM32CubeIDE_1.13.2\STM32CubeIDE\plugins\com.st.stm32cube.common.mx_6.11.1.202404110753
2024-05-19 23:18:49,898 [INFO] DbMcusXml:78 - Set database path to: C:\ST\STM32CubeIDE_1.13.2\STM32CubeIDE\plugins\com.st.stm32cube.common.mx_6.11.1.202404110753\\db\/mcu/
2024-05-19 23:18:49,899 [INFO] ApiDb:274 - Set plugin database path to: C:\ST\STM32CubeIDE_1.13.2\STM32CubeIDE\plugins\com.st.stm32cube.common.mx_6.11.1.202404110753\\db\/plugins/boardmanager/
2024-05-19 23:18:49,900 [WARN] ApiDb:259 - Overriding images path with different value:  => C:\ST\STM32CubeIDE_1.13.2\STM32CubeIDE\plugins\com.st.stm32cube.common.mx_6.11.1.202404110753\\db\/plugins/mcufinder/images/
2024-05-19 23:18:49,915 [INFO] ApiDb:250 - Set database path to: C:\Users\ppreawsr\.stmcufinder\plugins\mcufinder//mcu/
2024-05-19 23:18:49,916 [INFO] DbMcusAds:125 - Set database path to: C:\Users\ppreawsr\.stmcufinder\plugins\mcufinder//mcu/
2024-05-19 23:18:49,918 [INFO] CrossReferenceDbSqlite:203 - Set database path to: C:\Users\ppreawsr\.stmcufinder\plugins\mcufinder//mcu/cs/
2024-05-19 23:18:50,080 [INFO] RulesReader:64 - Compatibility file has been processed (297 Rules)
2024-05-19 23:18:50,191 [INFO] DbMcusXml:78 - Set database path to: C:\ST\STM32CubeIDE_1.13.2\STM32CubeIDE\plugins\com.st.stm32cube.common.mx_6.11.1.202404110753\\db\/mcu/
2024-05-19 23:18:50,192 [INFO] ApiDb:274 - Set plugin database path to: C:\ST\STM32CubeIDE_1.13.2\STM32CubeIDE\plugins\com.st.stm32cube.common.mx_6.11.1.202404110753\\db\/plugins/boardmanager/
2024-05-19 23:18:50,192 [INFO] ApiDb:261 - Set plugin images path to: C:\ST\STM32CubeIDE_1.13.2\STM32CubeIDE\plugins\com.st.stm32cube.common.mx_6.11.1.202404110753\\db\/plugins/mcufinder/images/
2024-05-19 23:18:50,192 [WARN] DbFile:41 - Overriding database path with different value: C:\Users\ppreawsr\.stmcufinder\plugins\mcufinder/ => C:\Users\ppreawsr\.stmcufinder\plugins\mcufinder
2024-05-19 23:18:50,192 [INFO] ApiDb:250 - Set database path to: C:\Users\ppreawsr\.stmcufinder\plugins\mcufinder//mcu/
2024-05-19 23:18:50,192 [WARN] DbFile:41 - Overriding database path with different value: C:\Users\ppreawsr\.stmcufinder\plugins\mcufinder/ => C:\Users\ppreawsr\.stmcufinder\plugins\mcufinder
2024-05-19 23:18:50,192 [INFO] DbMcusAds:125 - Set database path to: C:\Users\ppreawsr\.stmcufinder\plugins\mcufinder//mcu/
2024-05-19 23:18:50,192 [WARN] DbFile:41 - Overriding database path with different value: C:\Users\ppreawsr\.stmcufinder\plugins\mcufinder/ => C:\Users\ppreawsr\.stmcufinder\plugins\mcufinder
2024-05-19 23:18:50,193 [WARN] DbFile:41 - Overriding database path with different value: C:\Users\ppreawsr\.stmcufinder\plugins\mcufinder/ => C:\Users\ppreawsr\.stmcufinder\plugins\mcufinder
2024-05-19 23:18:50,193 [INFO] CrossReferenceDbSqlite:203 - Set database path to: C:\Users\ppreawsr\.stmcufinder\plugins\mcufinder//mcu/cs/
2024-05-19 23:18:50,304 [INFO] MainPanel:264 - HeapMemory: 268435456
2024-05-19 23:18:50,457 [INFO] DbMcusXml:78 - Set database path to: C:\ST\STM32CubeIDE_1.13.2\STM32CubeIDE\plugins\com.st.stm32cube.common.mx_6.11.1.202404110753\\db\/mcu/
2024-05-19 23:18:50,457 [INFO] ApiDb:274 - Set plugin database path to: C:\ST\STM32CubeIDE_1.13.2\STM32CubeIDE\plugins\com.st.stm32cube.common.mx_6.11.1.202404110753\\db\/plugins/boardmanager/
2024-05-19 23:18:50,458 [INFO] ApiDb:261 - Set plugin images path to: C:\ST\STM32CubeIDE_1.13.2\STM32CubeIDE\plugins\com.st.stm32cube.common.mx_6.11.1.202404110753\\db\/plugins/mcufinder/images/
2024-05-19 23:18:50,458 [WARN] DbFile:41 - Overriding database path with different value: C:\Users\ppreawsr\.stmcufinder\plugins\mcufinder/ => C:\Users\ppreawsr\.stmcufinder\plugins\mcufinder
2024-05-19 23:18:50,458 [INFO] ApiDb:250 - Set database path to: C:\Users\ppreawsr\.stmcufinder\plugins\mcufinder//mcu/
2024-05-19 23:18:50,458 [WARN] DbFile:41 - Overriding database path with different value: C:\Users\ppreawsr\.stmcufinder\plugins\mcufinder/ => C:\Users\ppreawsr\.stmcufinder\plugins\mcufinder
2024-05-19 23:18:50,458 [INFO] DbMcusAds:125 - Set database path to: C:\Users\ppreawsr\.stmcufinder\plugins\mcufinder//mcu/
2024-05-19 23:18:50,459 [WARN] DbFile:41 - Overriding database path with different value: C:\Users\ppreawsr\.stmcufinder\plugins\mcufinder/ => C:\Users\ppreawsr\.stmcufinder\plugins\mcufinder
2024-05-19 23:18:50,459 [WARN] DbFile:41 - Overriding database path with different value: C:\Users\ppreawsr\.stmcufinder\plugins\mcufinder/ => C:\Users\ppreawsr\.stmcufinder\plugins\mcufinder
2024-05-19 23:18:50,459 [INFO] CrossReferenceDbSqlite:203 - Set database path to: C:\Users\ppreawsr\.stmcufinder\plugins\mcufinder//mcu/cs/
2024-05-19 23:18:50,485 [INFO] ApplicationProperties:184 - Using Application install path: C:\ST\STM32CubeIDE_1.13.2\STM32CubeIDE\plugins\com.st.stm32cube.common.mx_6.11.1.202404110753
2024-05-19 23:18:50,487 [INFO] PluginManage:196 - Search for loadable plugins [exclusion list=, ]
2024-05-19 23:18:50,489 [INFO] PluginManage:310 - Check plugin analytics
2024-05-19 23:18:50,738 [INFO] AnalyticsPlugin:253 - Accepted Software Licenses: 
2024-05-19 23:18:50,739 [INFO] AnalyticsPlugin:255 - Accepted CMSIS Pack Licenses: ARM.CMSIS-DSP.1.15.0,ARM.CMSIS.6.0.0,ITTIA_DB.I-CUBE-ITTIADB.8.8.0
2024-05-19 23:18:50,739 [INFO] AnalyticsPlugin:257 - Accepted Firmware Licenses: FW.G4.1.5.0
2024-05-19 23:18:50,743 [INFO] PluginManage:359 - Loaded plugin analytics (category:tool,tabindex:-1)
2024-05-19 23:18:50,744 [INFO] PluginManage:310 - Check plugin cadmodel
2024-05-19 23:18:50,768 [INFO] CADModel:105 - Init CAD model plugin
2024-05-19 23:18:50,769 [INFO] PluginManage:359 - Loaded plugin cadmodel (category:power,tabindex:5)
2024-05-19 23:18:50,769 [INFO] PluginManage:310 - Check plugin clock
2024-05-19 23:18:50,810 [INFO] PluginManage:359 - Loaded plugin clock (category:base,tabindex:2)
2024-05-19 23:18:50,810 [INFO] PluginManage:310 - Check plugin ddr
2024-05-19 23:18:50,815 [INFO] PluginManage:359 - Loaded plugin ddr (category:tool,tabindex:6)
2024-05-19 23:18:50,815 [INFO] PluginManage:310 - Check plugin filemanager
2024-05-19 23:18:51,041 [INFO] PluginManage:359 - Loaded plugin filemanager (category:base,tabindex:10)
2024-05-19 23:18:51,041 [INFO] PluginManage:310 - Check plugin ipmanager
2024-05-19 23:18:51,052 [INFO] PluginManage:359 - Loaded plugin ipmanager (category:base,tabindex:5)
2024-05-19 23:18:51,053 [INFO] PluginManage:310 - Check plugin lpbam
2024-05-19 23:18:51,082 [INFO] PluginManage:359 - Loaded plugin lpbam (category:base,tabindex:0)
2024-05-19 23:18:51,082 [INFO] PluginManage:310 - Check plugin memorymap
2024-05-19 23:18:51,116 [INFO] PluginManage:359 - Loaded plugin memorymap (category:base,tabindex:4)
2024-05-19 23:18:51,116 [INFO] PluginManage:310 - Check plugin pinoutandconfiguration
2024-05-19 23:18:51,140 [INFO] PluginManage:359 - Loaded plugin pinoutandconfiguration (category:base,tabindex:1)
2024-05-19 23:18:51,140 [INFO] PluginManage:310 - Check plugin pinoutconfig
2024-05-19 23:18:51,272 [WARN] SupportedApi:132 - Cannot load RTOS API schema: s4s-elt-must-match.1: The content of 'definitions' must match (annotation?, (simpleType | complexType)?, (unique | key | keyref)*)). A problem was found starting at: attribute.
2024-05-19 23:18:51,454 [INFO] PluginManage:359 - Loaded plugin pinoutconfig (category:base,tabindex:0)
2024-05-19 23:18:51,454 [INFO] PluginManage:310 - Check plugin power
2024-05-19 23:18:51,485 [INFO] PluginManage:359 - Loaded plugin power (category:power,tabindex:4)
2024-05-19 23:18:51,486 [INFO] PluginManage:310 - Check plugin projectmanager
2024-05-19 23:18:51,507 [INFO] PluginManage:359 - Loaded plugin projectmanager (category:projectmanager,tabindex:3)
2024-05-19 23:18:51,507 [INFO] PluginManage:310 - Check plugin thirdparty
2024-05-19 23:18:51,882 [INFO] PluginManage:359 - Loaded plugin thirdparty (category:base,tabindex:-1)
2024-05-19 23:18:51,882 [WARN] IntegrityCheckThread:84 - waiting for thirdparty lock release [integrity check]
2024-05-19 23:18:51,882 [INFO] IntegrityCheckThread:86 - entering critical section [integrity check]
2024-05-19 23:18:51,882 [INFO] PluginManage:310 - Check plugin tools
2024-05-19 23:18:51,883 [INFO] ThirdPartyUpdaterWithRetryManager:70 - Updater plugin not ready yet. [1/15]
2024-05-19 23:18:51,927 [INFO] PluginManage:359 - Loaded plugin tools (category:base,tabindex:7)
2024-05-19 23:18:51,927 [INFO] PluginManage:310 - Check plugin tutovideos
2024-05-19 23:18:52,169 [INFO] PluginManage:359 - Loaded plugin tutovideos (category:base,tabindex:-1)
2024-05-19 23:18:52,169 [INFO] PluginManage:310 - Check plugin updater
2024-05-19 23:18:52,185 [INFO] PluginManage:359 - Loaded plugin updater (category:base,tabindex:12)
2024-05-19 23:18:52,185 [INFO] PluginManage:310 - Check plugin userauth
2024-05-19 23:18:52,192 [INFO] UserAuth:114 - Init User Auth plugin
2024-05-19 23:18:52,192 [INFO] PluginManage:359 - Loaded plugin userauth (category:base,tabindex:14)
2024-05-19 23:18:52,193 [INFO] PluginManage:283 - PluginManage : Loaded plugins [17]
2024-05-19 23:18:52,469 [INFO] PinOutPanel:1561 - setPackage(No Configuration,No Configuration)
2024-05-19 23:18:52,592 [INFO] CADModel:165 - CPN selected for project level
2024-05-19 23:18:52,592 [INFO] CADModel:114 - Register for checkConnection events
2024-05-19 23:18:52,629 [INFO] IPUIPlugin:80 - create IPUIPlugin
2024-05-19 23:18:52,629 [INFO] PluginManager:220 - loadIPPluginJar : add adc
2024-05-19 23:18:52,671 [INFO] IPUIPlugin:80 - create IPUIPlugin
2024-05-19 23:18:52,672 [INFO] PluginManager:220 - loadIPPluginJar : add aes
2024-05-19 23:18:52,724 [INFO] IPUIPlugin:80 - create IPUIPlugin
2024-05-19 23:18:52,724 [INFO] PluginManager:220 - loadIPPluginJar : add can
2024-05-19 23:18:52,754 [INFO] IPUIPlugin:80 - create IPUIPlugin
2024-05-19 23:18:52,754 [INFO] PluginManager:220 - loadIPPluginJar : add comp
2024-05-19 23:18:52,794 [INFO] IPUIPlugin:80 - create IPUIPlugin
2024-05-19 23:18:52,795 [INFO] PluginManager:220 - loadIPPluginJar : add cryp
2024-05-19 23:18:52,831 [INFO] IPUIPlugin:80 - create IPUIPlugin
2024-05-19 23:18:52,831 [INFO] PluginManager:220 - loadIPPluginJar : add dfsdm
2024-05-19 23:18:52,849 [INFO] IPUIPlugin:80 - create IPUIPlugin
2024-05-19 23:18:52,850 [INFO] PluginManager:220 - loadIPPluginJar : add dma
2024-05-19 23:18:52,906 [INFO] IPUIPlugin:80 - create IPUIPlugin
2024-05-19 23:18:52,906 [INFO] PluginManager:220 - loadIPPluginJar : add dma3
2024-05-19 23:18:52,961 [INFO] IPUIPlugin:80 - create IPUIPlugin
2024-05-19 23:18:52,961 [INFO] PluginManager:220 - loadIPPluginJar : add extmemmanager
2024-05-19 23:18:52,987 [INFO] IPUIPlugin:80 - create IPUIPlugin
2024-05-19 23:18:52,987 [INFO] PluginManager:220 - loadIPPluginJar : add fatfs
2024-05-19 23:18:53,043 [INFO] IPUIPlugin:80 - create IPUIPlugin
2024-05-19 23:18:53,043 [INFO] PluginManager:220 - loadIPPluginJar : add fmc
2024-05-19 23:18:53,061 [INFO] IPUIPlugin:80 - create IPUIPlugin
2024-05-19 23:18:53,062 [INFO] PluginManager:220 - loadIPPluginJar : add freertos
2024-05-19 23:18:53,086 [INFO] IPUIPlugin:80 - create IPUIPlugin
2024-05-19 23:18:53,086 [INFO] PluginManager:220 - loadIPPluginJar : add genericplugin
2024-05-19 23:18:53,207 [INFO] IPUIPlugin:80 - create IPUIPlugin
2024-05-19 23:18:53,207 [INFO] PluginManager:220 - loadIPPluginJar : add gfxmmu
2024-05-19 23:18:53,368 [INFO] IPUIPlugin:80 - create IPUIPlugin
2024-05-19 23:18:53,368 [INFO] PluginManager:220 - loadIPPluginJar : add gic
2024-05-19 23:18:53,382 [INFO] IPUIPlugin:80 - create IPUIPlugin
2024-05-19 23:18:53,383 [INFO] PluginManager:220 - loadIPPluginJar : add gpio
2024-05-19 23:18:53,501 [INFO] IPUIPlugin:80 - create IPUIPlugin
2024-05-19 23:18:53,501 [INFO] PluginManager:220 - loadIPPluginJar : add gtzc
2024-05-19 23:18:53,548 [INFO] IPUIPlugin:80 - create IPUIPlugin
2024-05-19 23:18:53,548 [INFO] PluginManager:220 - loadIPPluginJar : add hash
2024-05-19 23:18:53,606 [INFO] IPUIPlugin:80 - create IPUIPlugin
2024-05-19 23:18:53,606 [INFO] PluginManager:220 - loadIPPluginJar : add i2c
2024-05-19 23:18:53,660 [INFO] IPUIPlugin:80 - create IPUIPlugin
2024-05-19 23:18:53,660 [INFO] PluginManager:220 - loadIPPluginJar : add i2s
2024-05-19 23:18:53,706 [INFO] IPUIPlugin:80 - create IPUIPlugin
2024-05-19 23:18:53,706 [INFO] PluginManager:220 - loadIPPluginJar : add i3c
2024-05-19 23:18:53,819 [INFO] IPUIPlugin:80 - create IPUIPlugin
2024-05-19 23:18:53,819 [INFO] PluginManager:220 - loadIPPluginJar : add ipddr
2024-05-19 23:18:53,928 [INFO] IPUIPlugin:80 - create IPUIPlugin
2024-05-19 23:18:53,928 [INFO] PluginManager:220 - loadIPPluginJar : add linkedlist
2024-05-19 23:18:53,967 [INFO] IPUIPlugin:80 - create IPUIPlugin
2024-05-19 23:18:53,968 [INFO] PluginManager:220 - loadIPPluginJar : add lorawan
2024-05-19 23:18:54,007 [INFO] IPUIPlugin:80 - create IPUIPlugin
2024-05-19 23:18:54,007 [INFO] PluginManager:220 - loadIPPluginJar : add ltdc
2024-05-19 23:18:54,024 [INFO] IPUIPlugin:80 - create IPUIPlugin
2024-05-19 23:18:54,024 [INFO] PluginManager:220 - loadIPPluginJar : add mdma
2024-05-19 23:18:54,037 [INFO] IPUIPlugin:80 - create IPUIPlugin
2024-05-19 23:18:54,037 [INFO] PluginManager:220 - loadIPPluginJar : add nvic
2024-05-19 23:18:54,076 [INFO] IPUIPlugin:80 - create IPUIPlugin
2024-05-19 23:18:54,076 [INFO] PluginManager:220 - loadIPPluginJar : add opamp
2024-05-19 23:18:54,156 [INFO] IPUIPlugin:80 - create IPUIPlugin
2024-05-19 23:18:54,156 [INFO] PluginManager:220 - loadIPPluginJar : add openamp
2024-05-19 23:18:54,215 [INFO] IPUIPlugin:80 - create IPUIPlugin
2024-05-19 23:18:54,215 [INFO] PluginManager:220 - loadIPPluginJar : add pdm2pcm
2024-05-19 23:18:54,230 [INFO] IPUIPlugin:80 - create IPUIPlugin
2024-05-19 23:18:54,233 [INFO] PluginManager:220 - loadIPPluginJar : add plateformsettings
2024-05-19 23:18:54,257 [INFO] IPUIPlugin:80 - create IPUIPlugin
2024-05-19 23:18:54,257 [INFO] PluginManager:220 - loadIPPluginJar : add quadspi
2024-05-19 23:18:54,270 [INFO] IPUIPlugin:80 - create IPUIPlugin
2024-05-19 23:18:54,270 [INFO] PluginManager:220 - loadIPPluginJar : add resmgrutility
2024-05-19 23:18:54,321 [INFO] IPUIPlugin:80 - create IPUIPlugin
2024-05-19 23:18:54,321 [INFO] PluginManager:220 - loadIPPluginJar : add sai
2024-05-19 23:18:54,365 [INFO] IPUIPlugin:80 - create IPUIPlugin
2024-05-19 23:18:54,365 [INFO] PluginManager:220 - loadIPPluginJar : add spi
2024-05-19 23:18:54,439 [INFO] IPUIPlugin:80 - create IPUIPlugin
2024-05-19 23:18:54,439 [INFO] PluginManager:220 - loadIPPluginJar : add stm32_wpan
2024-05-19 23:18:54,465 [INFO] IPUIPlugin:80 - create IPUIPlugin
2024-05-19 23:18:54,465 [INFO] PluginManager:220 - loadIPPluginJar : add tim
2024-05-19 23:18:54,530 [INFO] IPUIPlugin:80 - create IPUIPlugin
2024-05-19 23:18:54,530 [INFO] PluginManager:220 - loadIPPluginJar : add touchsensing
2024-05-19 23:18:54,559 [INFO] IPUIPlugin:80 - create IPUIPlugin
2024-05-19 23:18:54,559 [INFO] PluginManager:220 - loadIPPluginJar : add tracer_emb
2024-05-19 23:18:54,584 [INFO] IPUIPlugin:80 - create IPUIPlugin
2024-05-19 23:18:54,584 [INFO] PluginManager:220 - loadIPPluginJar : add ts
2024-05-19 23:18:54,607 [INFO] IPUIPlugin:80 - create IPUIPlugin
2024-05-19 23:18:54,607 [INFO] PluginManager:220 - loadIPPluginJar : add tsc
2024-05-19 23:18:54,630 [INFO] IPUIPlugin:80 - create IPUIPlugin
2024-05-19 23:18:54,630 [INFO] PluginManager:220 - loadIPPluginJar : add ucpd
2024-05-19 23:18:54,679 [INFO] IPUIPlugin:80 - create IPUIPlugin
2024-05-19 23:18:54,679 [INFO] PluginManager:220 - loadIPPluginJar : add usart
2024-05-19 23:18:54,726 [INFO] IPUIPlugin:80 - create IPUIPlugin
2024-05-19 23:18:54,726 [INFO] PluginManager:220 - loadIPPluginJar : add usbx
2024-05-19 23:18:54,859 [INFO] CADModel:165 - CPN selected for project level
2024-05-19 23:18:54,859 [INFO] CADModel:114 - Register for checkConnection events
2024-05-19 23:18:54,860 [FATAL] Updater:308 - Updater called before beeing initialized
2024-05-19 23:18:54,860 [ERROR] CADModel:125 - Updater not yet initialized, retry later 
2024-05-19 23:18:54,885 [INFO] ThirdPartyUpdaterWithRetryManager:70 - Updater plugin not ready yet. [2/15]
2024-05-19 23:18:55,019 [INFO] CADModel:165 - CPN selected for project level
2024-05-19 23:18:55,019 [INFO] CADModel:114 - Register for checkConnection events
2024-05-19 23:18:55,019 [FATAL] Updater:308 - Updater called before beeing initialized
2024-05-19 23:18:55,019 [ERROR] CADModel:125 - Updater not yet initialized, retry later 
2024-05-19 23:18:55,023 [FATAL] Updater:308 - Updater called before beeing initialized
2024-05-19 23:18:55,131 [FATAL] Updater:308 - Updater called before beeing initialized
2024-05-19 23:18:55,141 [INFO] DbMcusAds:53 - JSON generation date=Thu May 02 15:37:29 ICT 2024 (1714639049318)
2024-05-19 23:18:55,141 [FATAL] Updater:308 - Updater called before beeing initialized
2024-05-19 23:18:55,187 [WARN] DetailPanel:346 - Failed to get advertising image, set to default
2024-05-19 23:18:55,296 [FATAL] Updater:308 - Updater called before beeing initialized
2024-05-19 23:18:55,299 [FATAL] Updater:308 - Updater called before beeing initialized
2024-05-19 23:18:55,299 [FATAL] Updater:308 - Updater called before beeing initialized
2024-05-19 23:18:55,299 [WARN] DetailPanel:346 - Failed to get advertising image, set to default
2024-05-19 23:18:55,300 [FATAL] Updater:308 - Updater called before beeing initialized
2024-05-19 23:18:55,397 [ERROR] Updater:1120 - MainUpdater not yet initialized. External WinMGr cannot be set.
2024-05-19 23:18:55,416 [INFO] Updater:1056 - Updater Version found : 6.11.1
2024-05-19 23:18:55,450 [INFO] ApplicationProperties:184 - Using Application install path: C:\ST\STM32CubeIDE_1.13.2\STM32CubeIDE\plugins\com.st.stm32cube.common.mx_6.11.1.202404110753
2024-05-19 23:18:57,041 [ERROR] LogOutputStream:75 - [STDERR_REDIRECT] May 19, 2024 11:18:57 PM java.util.prefs.WindowsPreferences <init>
2024-05-19 23:18:57,042 [ERROR] LogOutputStream:75 - [STDERR_REDIRECT] WARNING: Could not open/create prefs root node Software\JavaSoft\Prefs at root 0xffffffff80000002. Windows RegCreateKeyEx(...) returned error code 5.
2024-05-19 23:18:57,042 [ERROR] LogOutputStream:75 - [STDERR_REDIRECT] 
2024-05-19 23:18:57,460 [INFO] MainUpdater:2873 - connection check result : 10
2024-05-19 23:18:57,461 [INFO] MainUpdater:3567 - Updater definition file requires update
2024-05-19 23:18:57,462 [INFO] MainUpdater:290 - Updater Check For Update Now.
2024-05-19 23:18:57,463 [INFO] MicroXplorer:498 - Change Database Version : DB.6.0.111
2024-05-19 23:18:57,492 [INFO] McuFinderGlobals:63 - Set McuFinder mode to 2 (CubeIDE integrated)
2024-05-19 23:18:57,511 [INFO] UserAuth:415 - Internet connection configuration mode: 1
2024-05-19 23:18:57,563 [INFO] JxBrowserEngine:152 - Initiate JxBrowser Engine with user profile folder
2024-05-19 23:18:57,625 [INFO] ServerAccessManage:473 - Download File updaters.zip
2024-05-19 23:18:57,710 [INFO] FileExtend:240 - Unzip File : updaters.zip
2024-05-19 23:18:57,711 [INFO] FileExtend:255 - Standard Zip Deflate
2024-05-19 23:18:57,885 [WARN] MainUpdater:1194 - Updater busy. Cannot search thirdparties
2024-05-19 23:18:57,898 [INFO] ThirdPartyUpdaterWithRetryManager:96 - Updater plugin is busy. [1/15]
2024-05-19 23:18:58,124 [INFO] ServerAccessManage:473 - Download File PacksControlFlags.xml
2024-05-19 23:18:58,254 [INFO] ServerAccessManage:473 - Download File cubemx.pidx
2024-05-19 23:18:58,442 [INFO] LoadServerUpdatesThread:375 - End of LoadServerUpdate Thread
2024-05-19 23:18:58,706 [INFO] CheckServerUpdateThread:120 - End of CheckServer Thread
2024-05-19 23:19:01,155 [WARN] PackLoader:240 - Cannot read IP mode file for STMicroelectronics.FP-SNS-MOTENVWB1.1.4.0
2024-05-19 23:19:01,180 [WARN] PackLoader:240 - Cannot read IP mode file for STMicroelectronics.X-CUBE-SMBUS.2.1.0
2024-05-19 23:19:01,200 [WARN] PackLoader:240 - Cannot read IP mode file for STMicroelectronics.X-CUBE-TOUCHGFX.4.23.0
2024-05-19 23:19:01,217 [WARN] PackLoader:240 - Cannot read IP mode file for STMicroelectronics.X-CUBE-TOUCHGFX.4.23.2
2024-05-19 23:19:01,282 [WARN] PackLoader:240 - Cannot read IP mode file for STMicroelectronics.X-CUBE-AZRTOS-F7.1.1.0
2024-05-19 23:19:01,318 [WARN] PackLoader:240 - Cannot read IP mode file for STMicroelectronics.FP-SNS-MOTENV1.4.3.2
2024-05-19 23:19:01,347 [WARN] PackLoader:240 - Cannot read IP mode file for STMicroelectronics.FP-SNS-FLIGHT1.5.0.2
2024-05-19 23:19:01,379 [WARN] PackLoader:240 - Cannot read IP mode file for STMicroelectronics.X-CUBE-DISPLAY.3.0.0
2024-05-19 23:19:01,411 [WARN] PackLoader:240 - Cannot read IP mode file for STMicroelectronics.X-CUBE-BLE1.7.0.0
2024-05-19 23:19:01,429 [WARN] PackLoader:240 - Cannot read IP mode file for emotas.I-CUBE-CANOPEN.1.3.0
2024-05-19 23:19:01,448 [WARN] PackLoader:240 - Cannot read IP mode file for STMicroelectronics.X-CUBE-TOUCHGFX.4.22.1
2024-05-19 23:19:01,475 [WARN] PackLoader:240 - Cannot read IP mode file for STMicroelectronics.X-CUBE-BLEMGR.3.1.0
2024-05-19 23:19:01,501 [WARN] PackLoader:240 - Cannot read IP mode file for STMicroelectronics.FP-SNS-SMARTAG2.1.2.0
2024-05-19 23:19:01,528 [INFO] LogOutputStream:77 - [STDOUT_REDIRECT] 1 : Invalid condition id : UX_CORESTACK_Condition cause : null
2024-05-19 23:19:01,529 [INFO] LogOutputStream:77 - [STDOUT_REDIRECT] 1 : Invalid condition id : UX_CORESTACK_Condition cause : null
2024-05-19 23:19:01,531 [INFO] LogOutputStream:77 - [STDOUT_REDIRECT] 1 : Invalid condition id : UX_CORESTACK_Condition cause : null
2024-05-19 23:19:01,532 [INFO] LogOutputStream:77 - [STDOUT_REDIRECT] 1 : Invalid condition id : UX_CORESTACK_Condition cause : null
2024-05-19 23:19:01,533 [INFO] LogOutputStream:77 - [STDOUT_REDIRECT] 1 : Invalid condition id : UX_CORESTACK_Condition cause : null
2024-05-19 23:19:01,537 [WARN] PackLoader:240 - Cannot read IP mode file for STMicroelectronics.X-CUBE-AZRTOS-WL.2.0.0
2024-05-19 23:19:01,555 [WARN] PackLoader:240 - Cannot read IP mode file for STMicroelectronics.FP-SNS-MOTENV1.5.0.0
2024-05-19 23:19:01,579 [WARN] PackLoader:240 - Cannot read IP mode file for WES.I-CUBE-Cesium.1.3.0
2024-05-19 23:19:01,595 [WARN] PackLoader:240 - Cannot read IP mode file for STMicroelectronics.X-CUBE-BLE2.3.3.0
2024-05-19 23:19:01,611 [WARN] PackLoader:240 - Cannot read IP mode file for STMicroelectronics.X-CUBE-TCPP.4.1.0
2024-05-19 23:19:01,630 [WARN] PackLoader:240 - Cannot read IP mode file for STMicroelectronics.X-CUBE-ALGOBUILD.1.3.0
2024-05-19 23:19:01,674 [WARN] PackLoader:240 - Cannot read IP mode file for STMicroelectronics.X-CUBE-AZRTOS-G0.1.1.0
2024-05-19 23:19:01,701 [WARN] PackLoader:240 - Cannot read IP mode file for STMicroelectronics.X-CUBE-SAFEA1.1.2.2
2024-05-19 23:19:01,726 [WARN] PackLoader:240 - Cannot read IP mode file for STMicroelectronics.X-CUBE-NFC4.3.0.0
2024-05-19 23:19:01,756 [WARN] PackLoader:240 - Cannot read IP mode file for STMicroelectronics.X-CUBE-BLEMGR.3.0.0
2024-05-19 23:19:01,782 [WARN] PackLoader:240 - Cannot read IP mode file for STMicroelectronics.FP-ATR-SIGFOX1.3.2.0
2024-05-19 23:19:01,808 [WARN] PackLoader:240 - Cannot read IP mode file for STMicroelectronics.X-CUBE-EEPRMA1.5.1.0
2024-05-19 23:19:01,900 [WARN] PackLoader:240 - Cannot read IP mode file for SEGGER.I-CUBE-embOS.1.3.1
2024-05-19 23:19:01,997 [WARN] PackLoader:240 - Cannot read IP mode file for STMicroelectronics.X-CUBE-ALGOBUILD.1.4.0
2024-05-19 23:19:02,025 [WARN] PackLoader:240 - Cannot read IP mode file for STMicroelectronics.X-CUBE-GNSS1.6.0.0
2024-05-19 23:19:02,077 [WARN] PackLoader:240 - Cannot read IP mode file for STMicroelectronics.X-CUBE-AZRTOS-F4.1.1.0
2024-05-19 23:19:02,098 [WARN] PackLoader:240 - Cannot read IP mode file for wolfSSL.I-CUBE-wolfSSL.5.6.3
2024-05-19 23:19:02,119 [WARN] PackLoader:240 - Cannot read IP mode file for STMicroelectronics.X-CUBE-FREERTOS.1.2.0
2024-05-19 23:19:02,167 [WARN] PackLoader:240 - Cannot read IP mode file for STMicroelectronics.X-CUBE-AZRTOS-L5.2.0.0
2024-05-19 23:19:02,190 [WARN] PackLoader:240 - Cannot read IP mode file for STMicroelectronics.X-CUBE-EEPRMA1.4.2.0
2024-05-19 23:19:02,218 [WARN] PackLoader:240 - Cannot read IP mode file for STMicroelectronics.X-CUBE-NFC6.3.1.0
2024-05-19 23:19:02,247 [WARN] PackLoader:240 - Cannot read IP mode file for ITTIA_DB.I-CUBE-ITTIADB.8.8.0
2024-05-19 23:19:02,509 [WARN] PackLoader:240 - Cannot read IP mode file for STMicroelectronics.X-CUBE-BLEMGR.2.0.0
2024-05-19 23:19:02,537 [WARN] PackLoader:240 - Cannot read IP mode file for STMicroelectronics.X-CUBE-AI.9.0.0
2024-05-19 23:19:02,602 [WARN] ConditionMgr:438 - getConditionDescription Invalid condition id : UX DEVICE CLASS RTOS Condition cause : null
2024-05-19 23:19:02,604 [WARN] ConditionMgr:438 - getConditionDescription Invalid condition id : UX DEVICE CLASS RTOS Condition cause : null
2024-05-19 23:19:02,608 [WARN] PackLoader:240 - Cannot read IP mode file for STMicroelectronics.X-CUBE-AZRTOS-H7.3.1.0
2024-05-19 23:19:02,610 [WARN] ConditionMgr:1039 - genDependencies : Invalid condition id : UX DEVICE CLASS RTOS Condition cause : null
2024-05-19 23:19:02,610 [WARN] ConditionMgr:1039 - genDependencies : Invalid condition id : UX DEVICE CLASS RTOS Condition cause : null
2024-05-19 23:19:02,612 [WARN] ConditionMgr:1039 - genDependencies : Invalid condition id : UX DEVICE CLASS RTOS Condition cause : null
2024-05-19 23:19:02,613 [WARN] ConditionMgr:1039 - genDependencies : Invalid condition id : UX DEVICE CLASS RTOS Condition cause : null
2024-05-19 23:19:02,613 [WARN] ConditionMgr:1039 - genDependencies : Invalid condition id : UX DEVICE CLASS RTOS Condition cause : null
2024-05-19 23:19:02,642 [WARN] PackLoader:240 - Cannot read IP mode file for STMicroelectronics.X-CUBE-NFC7.1.0.1
2024-05-19 23:19:02,669 [WARN] PackLoader:240 - Cannot read IP mode file for STMicroelectronics.X-CUBE-NFC6.3.0.0
2024-05-19 23:19:02,697 [WARN] PackLoader:240 - Cannot read IP mode file for STMicroelectronics.X-CUBE-EEPRMA1.4.1.0
2024-05-19 23:19:02,721 [WARN] PackLoader:240 - Cannot read IP mode file for STMicroelectronics.X-CUBE-AI.8.1.0
2024-05-19 23:19:02,783 [WARN] ConditionMgr:438 - getConditionDescription Invalid condition id : LAN8742 Phy interface Condition cause : null
2024-05-19 23:19:02,784 [WARN] PackLoader:240 - Cannot read IP mode file for STMicroelectronics.X-CUBE-AZRTOS-L4.2.0.0
2024-05-19 23:19:02,786 [WARN] ConditionMgr:1039 - genDependencies : Invalid condition id : LAN8742 Phy interface Condition cause : null
2024-05-19 23:19:02,787 [WARN] ConditionMgr:1039 - genDependencies : Invalid condition id : LAN8742 Phy interface Condition cause : null
2024-05-19 23:19:02,788 [WARN] ConditionMgr:1039 - genDependencies : Invalid condition id : LAN8742 Phy interface Condition cause : null
2024-05-19 23:19:02,916 [WARN] PackLoader:240 - Cannot read IP mode file for STMicroelectronics.X-CUBE-SFXS2LP1.4.0.0
2024-05-19 23:19:02,948 [WARN] PackLoader:240 - Cannot read IP mode file for STMicroelectronics.X-CUBE-ISPU.1.1.0
2024-05-19 23:19:02,992 [WARN] ConditionMgr:438 - getConditionDescription Invalid condition id : UX DEVICE CLASS RTOS Condition cause : null
2024-05-19 23:19:02,993 [WARN] ConditionMgr:438 - getConditionDescription Invalid condition id : UX DEVICE CLASS RTOS Condition cause : null
2024-05-19 23:19:02,997 [WARN] PackLoader:240 - Cannot read IP mode file for STMicroelectronics.X-CUBE-AZRTOS-WB.2.0.0
2024-05-19 23:19:02,998 [WARN] ConditionMgr:1039 - genDependencies : Invalid condition id : UX DEVICE CLASS RTOS Condition cause : null
2024-05-19 23:19:02,999 [WARN] ConditionMgr:1039 - genDependencies : Invalid condition id : UX DEVICE CLASS RTOS Condition cause : null
2024-05-19 23:19:02,999 [WARN] ConditionMgr:1039 - genDependencies : Invalid condition id : UX DEVICE CLASS RTOS Condition cause : null
2024-05-19 23:19:03,000 [WARN] ConditionMgr:1039 - genDependencies : Invalid condition id : UX DEVICE CLASS RTOS Condition cause : null
2024-05-19 23:19:03,000 [WARN] ConditionMgr:1039 - genDependencies : Invalid condition id : UX DEVICE CLASS RTOS Condition cause : null
2024-05-19 23:19:03,036 [WARN] PackLoader:240 - Cannot read IP mode file for STMicroelectronics.X-CUBE-SUBG2.5.0.0
2024-05-19 23:19:03,153 [WARN] PackLoader:240 - Cannot read IP mode file for STMicroelectronics.X-CUBE-TOF1.3.3.1
2024-05-19 23:19:03,292 [WARN] PackLoader:240 - Cannot read IP mode file for STMicroelectronics.X-CUBE-AZRTOS-G4.2.0.0
2024-05-19 23:19:03,362 [WARN] PackLoader:240 - Cannot read IP mode file for Infineon.AIROC-Wi-Fi-Bluetooth-STM32.1.5.1
2024-05-19 23:19:03,410 [WARN] PackLoader:240 - Cannot read IP mode file for STMicroelectronics.FP-SNS-MOTENVWB1.1.3.0
2024-05-19 23:19:03,445 [WARN] PackLoader:240 - Cannot read IP mode file for STMicroelectronics.FP-SNS-MOTENVWB1.1.3.1
2024-05-19 23:19:03,512 [WARN] PackLoader:240 - Cannot read IP mode file for STMicroelectronics.X-CUBE-ISPU.2.0.0
2024-05-19 23:19:03,728 [WARN] PackLoader:240 - Cannot read IP mode file for STMicroelectronics.X-CUBE-MEMS1.10.0.0
2024-05-19 23:19:04,164 [WARN] PackLoader:240 - Cannot read IP mode file for STMicroelectronics.X-CUBE-FREERTOS.1.1.0
2024-05-19 23:19:04,186 [WARN] PackLoader:240 - Cannot read IP mode file for portGmbH.I-Cube-SoM-uGOAL.1.1.0
2024-05-19 23:19:04,209 [WARN] PackLoader:240 - Cannot read IP mode file for STMicroelectronics.X-CUBE-ALS.1.0.1
2024-05-19 23:19:04,281 [WARN] PackLoader:240 - Cannot read IP mode file for STMicroelectronics.X-CUBE-AZRTOS-H7RS.1.0.0
2024-05-19 23:19:04,317 [WARN] PackLoader:240 - Cannot read IP mode file for STMicroelectronics.FP-ATR-ASTRA1.2.0.0
2024-05-19 23:19:04,368 [WARN] PackLoader:240 - Cannot read IP mode file for STMicroelectronics.X-CUBE-TOF1.3.4.0
2024-05-19 23:19:04,460 [WARN] PackLoader:240 - Cannot read IP mode file for STMicroelectronics.X-CUBE-TOF1.3.4.1
